[2020-05-26 17:40:52,121] multiqc                                            [DEBUG  ]  No MultiQC config found: /sw/bioinfo/MultiQC/1.8/rackham/lib/python3.6/site-packages/multiqc_config.yaml
[2020-05-26 17:40:52,122] multiqc                                            [DEBUG  ]  No MultiQC config found: /home/karsva/.multiqc_config.yaml
[2020-05-26 17:40:52,122] multiqc                                            [DEBUG  ]  No MultiQC config found: multiqc_config.yaml
[2020-05-26 17:40:52,122] multiqc                                            [DEBUG  ]  Command used: /sw/bioinfo/MultiQC/1.8/rackham/bin/multiqc -n D1_htseq_report.html -o /home/karsva/Genome_Analysis/data/analysis_results/09_RNA_read_counting/combined/multi_qc /home/karsva/Genome_Analysis/data/analysis_results/09_RNA_read_counting/combined/site_D1
[2020-05-26 17:40:54,016] multiqc                                            [DEBUG  ]  Latest MultiQC version is v1.8
[2020-05-26 17:40:54,016] multiqc                                            [INFO   ]  This is MultiQC v1.8
[2020-05-26 17:40:54,016] multiqc                                            [DEBUG  ]  Command     : /sw/bioinfo/MultiQC/1.8/rackham/bin/multiqc -n D1_htseq_report.html -o /home/karsva/Genome_Analysis/data/analysis_results/09_RNA_read_counting/combined/multi_qc /home/karsva/Genome_Analysis/data/analysis_results/09_RNA_read_counting/combined/site_D1
[2020-05-26 17:40:54,016] multiqc                                            [DEBUG  ]  Working dir : /domus/h1/karsva/Genome_Analysis/code
[2020-05-26 17:40:54,016] multiqc                                            [INFO   ]  Template    : default
[2020-05-26 17:40:54,016] multiqc                                            [DEBUG  ]  Running Python 3.6.8 (default, Mar 14 2019, 16:13:09)  [GCC 4.8.5 20150623 (Red Hat 4.8.5-36)]
[2020-05-26 17:40:54,016] multiqc                                            [INFO   ]  Searching   : /home/karsva/Genome_Analysis/data/analysis_results/09_RNA_read_counting/combined/site_D1
[2020-05-26 17:40:54,017] multiqc                                            [DEBUG  ]  Analysing modules: custom_content, conpair, peddy, methylQA, phantompeakqualtools, qualimap, preseq, quast, qorts, rna_seqc, rsem, rseqc, busco, goleft_indexcov, disambiguate, supernova, deeptools, sargasso, verifybamid, mirtrace, happy, homer, macs2, theta2, snpeff, gatk, htseq, bcftools, featureCounts, fgbio, dedup, damageprofiler, biobambam2, mtnucratio, picard, prokka, samblaster, samtools, sexdeterrmine, bamtools, jellyfish, vcftools, longranger, stacks, bbmap, bismark, biscuit, hicexplorer, hicup, hicpro, salmon, kallisto, slamdunk, star, hisat2, tophat, bowtie2, bowtie1, kat, leehom, adapterRemoval, clipandmerge, cutadapt, flexbar, trimmomatic, skewer, sortmerna, biobloomtools, fastq_screen, afterqc, fastp, fastqc, minionqc, mosdepth, clusterflow, bcl2fastq, interop, flash, seqyclean
[2020-05-26 17:40:54,017] multiqc                                            [DEBUG  ]  Using temporary directory for creating report: /scratch/14454598/tmpng3_02as
[2020-05-26 17:40:54,262] multiqc                                            [DEBUG  ]  File ignored by hicexplorer because it exceeded search pattern filesize limit: bin_1_D1_read_count.out
[2020-05-26 17:40:54,267] multiqc                                            [DEBUG  ]  File ignored by longranger/invocation because it exceeded search pattern filesize limit: bin_1_D1_read_count.out
[2020-05-26 17:40:54,341] multiqc                                            [DEBUG  ]  File ignored by hicexplorer because it exceeded search pattern filesize limit: bin_2_D1_read_count.out
[2020-05-26 17:40:54,344] multiqc                                            [DEBUG  ]  File ignored by longranger/invocation because it exceeded search pattern filesize limit: bin_2_D1_read_count.out
[2020-05-26 17:40:54,427] multiqc                                            [DEBUG  ]  File ignored by hicexplorer because it exceeded search pattern filesize limit: bin_4_D1_read_count.out
[2020-05-26 17:40:54,431] multiqc                                            [DEBUG  ]  File ignored by longranger/invocation because it exceeded search pattern filesize limit: bin_4_D1_read_count.out
[2020-05-26 17:40:54,479] multiqc                                            [DEBUG  ]  File ignored by hicexplorer because it exceeded search pattern filesize limit: bin_6_D1_read_count.out
[2020-05-26 17:40:54,483] multiqc                                            [DEBUG  ]  File ignored by longranger/invocation because it exceeded search pattern filesize limit: bin_6_D1_read_count.out
[2020-05-26 17:40:54,536] multiqc                                            [DEBUG  ]  File ignored by hicexplorer because it exceeded search pattern filesize limit: bin_8_D1_read_count.out
[2020-05-26 17:40:54,540] multiqc                                            [DEBUG  ]  File ignored by longranger/invocation because it exceeded search pattern filesize limit: bin_8_D1_read_count.out
[2020-05-26 17:40:54,593] multiqc                                            [DEBUG  ]  File ignored by hicexplorer because it exceeded search pattern filesize limit: bin_11_D1_read_count.out
[2020-05-26 17:40:54,597] multiqc                                            [DEBUG  ]  File ignored by longranger/invocation because it exceeded search pattern filesize limit: bin_11_D1_read_count.out
[2020-05-26 17:40:54,685] multiqc                                            [DEBUG  ]  File ignored by hicexplorer because it exceeded search pattern filesize limit: bin_12_D1_read_count.out
[2020-05-26 17:40:54,688] multiqc                                            [DEBUG  ]  File ignored by longranger/invocation because it exceeded search pattern filesize limit: bin_12_D1_read_count.out
[2020-05-26 17:40:54,764] multiqc                                            [DEBUG  ]  File ignored by hicexplorer because it exceeded search pattern filesize limit: bin_14_D1_read_count.out
[2020-05-26 17:40:54,768] multiqc                                            [DEBUG  ]  File ignored by longranger/invocation because it exceeded search pattern filesize limit: bin_14_D1_read_count.out
[2020-05-26 17:40:54,829] multiqc                                            [DEBUG  ]  File ignored by hicexplorer because it exceeded search pattern filesize limit: bin_15_D1_read_count.out
[2020-05-26 17:40:54,833] multiqc                                            [DEBUG  ]  File ignored by longranger/invocation because it exceeded search pattern filesize limit: bin_15_D1_read_count.out
[2020-05-26 17:40:54,897] multiqc                                            [DEBUG  ]  File ignored by hicexplorer because it exceeded search pattern filesize limit: bin_17_D1_read_count.out
[2020-05-26 17:40:54,901] multiqc                                            [DEBUG  ]  File ignored by longranger/invocation because it exceeded search pattern filesize limit: bin_17_D1_read_count.out
[2020-05-26 17:40:54,954] multiqc                                            [DEBUG  ]  File ignored by hicexplorer because it exceeded search pattern filesize limit: bin_18_D1_read_count.out
[2020-05-26 17:40:54,958] multiqc                                            [DEBUG  ]  File ignored by longranger/invocation because it exceeded search pattern filesize limit: bin_18_D1_read_count.out
[2020-05-26 17:40:55,018] multiqc                                            [DEBUG  ]  File ignored by hicexplorer because it exceeded search pattern filesize limit: bin_19_D1_read_count.out
[2020-05-26 17:40:55,022] multiqc                                            [DEBUG  ]  File ignored by longranger/invocation because it exceeded search pattern filesize limit: bin_19_D1_read_count.out
[2020-05-26 17:40:55,079] multiqc                                            [DEBUG  ]  File ignored by hicexplorer because it exceeded search pattern filesize limit: bin_20_D1_read_count.out
[2020-05-26 17:40:55,083] multiqc                                            [DEBUG  ]  File ignored by longranger/invocation because it exceeded search pattern filesize limit: bin_20_D1_read_count.out
[2020-05-26 17:40:55,118] multiqc                                            [DEBUG  ]  File ignored by hicexplorer because it exceeded search pattern filesize limit: bin_24_D1_read_count.out
[2020-05-26 17:40:55,122] multiqc                                            [DEBUG  ]  File ignored by longranger/invocation because it exceeded search pattern filesize limit: bin_24_D1_read_count.out
[2020-05-26 17:40:55,180] multiqc                                            [DEBUG  ]  File ignored by hicexplorer because it exceeded search pattern filesize limit: bin_25_D1_read_count.out
[2020-05-26 17:40:55,184] multiqc                                            [DEBUG  ]  File ignored by longranger/invocation because it exceeded search pattern filesize limit: bin_25_D1_read_count.out
[2020-05-26 17:40:55,237] multiqc                                            [DEBUG  ]  File ignored by hicexplorer because it exceeded search pattern filesize limit: bin_26_D1_read_count.out
[2020-05-26 17:40:55,241] multiqc                                            [DEBUG  ]  File ignored by longranger/invocation because it exceeded search pattern filesize limit: bin_26_D1_read_count.out
[2020-05-26 17:40:55,914] multiqc.plots.bargraph                             [DEBUG  ]  Using matplotlib version 3.1.1
[2020-05-26 17:40:55,916] multiqc.plots.linegraph                            [DEBUG  ]  Using matplotlib version 3.1.1
[2020-05-26 17:40:55,920] multiqc                                            [DEBUG  ]  No samples found: custom_content
[2020-05-26 17:40:55,928] multiqc                                            [DEBUG  ]  No samples found: conpair
[2020-05-26 17:40:55,937] multiqc                                            [DEBUG  ]  No samples found: peddy
[2020-05-26 17:40:55,946] multiqc                                            [DEBUG  ]  No samples found: methylQA
[2020-05-26 17:40:55,954] multiqc                                            [DEBUG  ]  No samples found: phantompeakqualtools
[2020-05-26 17:40:55,967] multiqc                                            [DEBUG  ]  No samples found: qualimap
[2020-05-26 17:40:55,976] multiqc                                            [DEBUG  ]  No samples found: preseq
[2020-05-26 17:40:55,985] multiqc                                            [DEBUG  ]  No samples found: quast
[2020-05-26 17:40:55,993] multiqc                                            [DEBUG  ]  No samples found: qorts
[2020-05-26 17:40:56,002] multiqc                                            [DEBUG  ]  No samples found: rna_seqc
[2020-05-26 17:40:56,010] multiqc                                            [DEBUG  ]  No samples found: rsem
[2020-05-26 17:40:56,029] multiqc                                            [DEBUG  ]  No samples found: rseqc
[2020-05-26 17:40:56,037] multiqc                                            [DEBUG  ]  No samples found: busco
[2020-05-26 17:40:56,046] multiqc                                            [DEBUG  ]  No samples found: goleft_indexcov
[2020-05-26 17:40:56,055] multiqc                                            [DEBUG  ]  No samples found: disambiguate
[2020-05-26 17:40:56,064] multiqc                                            [DEBUG  ]  No samples found: supernova
[2020-05-26 17:40:56,084] multiqc                                            [DEBUG  ]  No samples found: deeptools
[2020-05-26 17:40:56,092] multiqc                                            [DEBUG  ]  No samples found: sargasso
[2020-05-26 17:40:56,100] multiqc                                            [DEBUG  ]  No samples found: verifybamid
[2020-05-26 17:40:56,109] multiqc                                            [DEBUG  ]  No samples found: mirtrace
[2020-05-26 17:40:56,117] multiqc                                            [DEBUG  ]  No samples found: happy
[2020-05-26 17:40:56,129] multiqc                                            [DEBUG  ]  No samples found: homer
[2020-05-26 17:40:56,137] multiqc                                            [DEBUG  ]  No samples found: macs2
[2020-05-26 17:40:56,145] multiqc                                            [DEBUG  ]  No samples found: theta2
[2020-05-26 17:40:56,155] multiqc                                            [DEBUG  ]  No samples found: snpeff
[2020-05-26 17:40:56,167] multiqc                                            [DEBUG  ]  No samples found: gatk
[2020-05-26 17:40:56,205] multiqc.modules.htseq.htseq                        [INFO   ]  Found 16 reports
[2020-05-26 17:40:56,219] multiqc                                            [DEBUG  ]  No samples found: bcftools
[2020-05-26 17:40:56,227] multiqc                                            [DEBUG  ]  No samples found: featureCounts
[2020-05-26 17:40:56,237] multiqc                                            [DEBUG  ]  No samples found: fgbio
[2020-05-26 17:40:56,246] multiqc                                            [DEBUG  ]  No samples found: dedup
[2020-05-26 17:40:56,255] multiqc                                            [DEBUG  ]  No samples found: damageprofiler
[2020-05-26 17:40:56,285] multiqc                                            [DEBUG  ]  No samples found: biobambam2
[2020-05-26 17:40:56,293] multiqc                                            [DEBUG  ]  No samples found: mtnucratio
[2020-05-26 17:40:56,297] multiqc                                            [DEBUG  ]  No samples found: picard
[2020-05-26 17:40:56,305] multiqc                                            [DEBUG  ]  No samples found: prokka
[2020-05-26 17:40:56,314] multiqc                                            [DEBUG  ]  No samples found: samblaster
[2020-05-26 17:40:56,327] multiqc                                            [DEBUG  ]  No samples found: samtools
[2020-05-26 17:40:56,335] multiqc                                            [DEBUG  ]  No samples found: sexdeterrmine
[2020-05-26 17:40:56,344] multiqc                                            [DEBUG  ]  No samples found: bamtools
[2020-05-26 17:40:56,352] multiqc                                            [DEBUG  ]  No samples found: jellyfish
[2020-05-26 17:40:56,365] multiqc                                            [DEBUG  ]  No samples found: vcftools
[2020-05-26 17:40:56,375] multiqc                                            [DEBUG  ]  No samples found: longranger
[2020-05-26 17:40:56,383] multiqc                                            [DEBUG  ]  No samples found: stacks
[2020-05-26 17:40:56,407] multiqc                                            [DEBUG  ]  No samples found: bbmap
[2020-05-26 17:40:56,415] multiqc                                            [DEBUG  ]  No samples found: bismark
[2020-05-26 17:40:56,425] multiqc                                            [DEBUG  ]  No samples found: biscuit
[2020-05-26 17:40:56,433] multiqc                                            [DEBUG  ]  No samples found: hicexplorer
[2020-05-26 17:40:56,442] multiqc                                            [DEBUG  ]  No samples found: hicup
[2020-05-26 17:40:56,451] multiqc                                            [DEBUG  ]  No samples found: hicpro
[2020-05-26 17:40:56,459] multiqc                                            [DEBUG  ]  No samples found: salmon
[2020-05-26 17:40:56,467] multiqc                                            [DEBUG  ]  No samples found: kallisto
[2020-05-26 17:40:56,476] multiqc                                            [DEBUG  ]  No samples found: slamdunk
[2020-05-26 17:40:56,484] multiqc                                            [DEBUG  ]  No samples found: star
[2020-05-26 17:40:56,493] multiqc                                            [DEBUG  ]  No samples found: hisat2
[2020-05-26 17:40:56,502] multiqc                                            [DEBUG  ]  No samples found: tophat
[2020-05-26 17:40:56,510] multiqc                                            [DEBUG  ]  No samples found: bowtie2
[2020-05-26 17:40:56,518] multiqc                                            [DEBUG  ]  No samples found: bowtie1
[2020-05-26 17:40:56,527] multiqc                                            [DEBUG  ]  No samples found: kat
[2020-05-26 17:40:56,535] multiqc                                            [DEBUG  ]  No samples found: leehom
[2020-05-26 17:40:56,543] multiqc                                            [DEBUG  ]  No samples found: adapterRemoval
[2020-05-26 17:40:56,552] multiqc                                            [DEBUG  ]  No samples found: clipandmerge
[2020-05-26 17:40:56,560] multiqc                                            [DEBUG  ]  No samples found: cutadapt
[2020-05-26 17:40:56,569] multiqc                                            [DEBUG  ]  No samples found: flexbar
[2020-05-26 17:40:56,577] multiqc                                            [DEBUG  ]  No samples found: trimmomatic
[2020-05-26 17:40:56,586] multiqc                                            [DEBUG  ]  No samples found: skewer
[2020-05-26 17:40:56,594] multiqc                                            [DEBUG  ]  No samples found: sortmerna
[2020-05-26 17:40:56,602] multiqc                                            [DEBUG  ]  No samples found: biobloomtools
[2020-05-26 17:40:56,610] multiqc                                            [DEBUG  ]  No samples found: fastq_screen
[2020-05-26 17:40:56,618] multiqc                                            [DEBUG  ]  No samples found: afterqc
[2020-05-26 17:40:56,627] multiqc                                            [DEBUG  ]  No samples found: fastp
[2020-05-26 17:40:56,637] multiqc                                            [DEBUG  ]  No samples found: fastqc
[2020-05-26 17:40:56,645] multiqc                                            [DEBUG  ]  No samples found: minionqc
[2020-05-26 17:40:56,653] multiqc                                            [DEBUG  ]  No samples found: mosdepth
[2020-05-26 17:40:56,662] multiqc                                            [DEBUG  ]  No samples found: clusterflow
[2020-05-26 17:40:56,674] multiqc                                            [DEBUG  ]  No samples found: bcl2fastq
[2020-05-26 17:40:56,683] multiqc                                            [DEBUG  ]  No samples found: interop
[2020-05-26 17:40:56,691] multiqc                                            [DEBUG  ]  No samples found: flash
[2020-05-26 17:40:56,699] multiqc                                            [DEBUG  ]  No samples found: seqyclean
[2020-05-26 17:40:56,713] multiqc                                            [INFO   ]  Compressing plot data
[2020-05-26 17:40:56,720] multiqc                                            [INFO   ]  Report      : ../../../../../home/karsva/Genome_Analysis/data/analysis_results/09_RNA_read_counting/combined/multi_qc/D1_htseq_report.html
[2020-05-26 17:40:56,720] multiqc                                            [INFO   ]  Data        : ../../../../../home/karsva/Genome_Analysis/data/analysis_results/09_RNA_read_counting/combined/multi_qc/D1_htseq_report_data
[2020-05-26 17:40:56,720] multiqc                                            [DEBUG  ]  Moving data file from '/scratch/14454598/tmpng3_02as/multiqc_data/multiqc_qualimap_bamqc_genome_results.txt' to '/home/karsva/Genome_Analysis/data/analysis_results/09_RNA_read_counting/combined/multi_qc/D1_htseq_report_data'
[2020-05-26 17:40:56,722] multiqc                                            [DEBUG  ]  Moving data file from '/scratch/14454598/tmpng3_02as/multiqc_data/multiqc_htseq.txt' to '/home/karsva/Genome_Analysis/data/analysis_results/09_RNA_read_counting/combined/multi_qc/D1_htseq_report_data'
[2020-05-26 17:40:56,724] multiqc                                            [DEBUG  ]  Moving data file from '/scratch/14454598/tmpng3_02as/multiqc_data/multiqc_general_stats.txt' to '/home/karsva/Genome_Analysis/data/analysis_results/09_RNA_read_counting/combined/multi_qc/D1_htseq_report_data'
[2020-05-26 17:40:56,726] multiqc                                            [DEBUG  ]  Moving data file from '/scratch/14454598/tmpng3_02as/multiqc_data/multiqc_data.json' to '/home/karsva/Genome_Analysis/data/analysis_results/09_RNA_read_counting/combined/multi_qc/D1_htseq_report_data'
[2020-05-26 17:40:56,728] multiqc                                            [DEBUG  ]  Moving data file from '/scratch/14454598/tmpng3_02as/multiqc_data/multiqc_sources.txt' to '/home/karsva/Genome_Analysis/data/analysis_results/09_RNA_read_counting/combined/multi_qc/D1_htseq_report_data'
[2020-05-26 17:40:56,937] multiqc                                            [INFO   ]  MultiQC complete
