[2020-04-17 11:01:04,265] multiqc                                            [DEBUG  ]  No MultiQC config found: /sw/bioinfo/MultiQC/1.8/rackham/lib/python3.6/site-packages/multiqc_config.yaml
[2020-04-17 11:01:04,265] multiqc                                            [DEBUG  ]  No MultiQC config found: /home/karsva/.multiqc_config.yaml
[2020-04-17 11:01:04,265] multiqc                                            [DEBUG  ]  No MultiQC config found: multiqc_config.yaml
[2020-04-17 11:01:04,265] multiqc                                            [DEBUG  ]  Command used: /sw/bioinfo/MultiQC/1.8/rackham/bin/multiqc -n DNA_multiqc_report.html -o /home/karsva/Genome_Analysis/analyses/02_quality_control/DNA_multi_QC /home/karsva/Genome_Analysis/analyses/02_quality_control/DNA_trimmed_QC
[2020-04-17 11:01:05,839] multiqc                                            [DEBUG  ]  Latest MultiQC version is v1.8
[2020-04-17 11:01:05,839] multiqc                                            [INFO   ]  This is MultiQC v1.8
[2020-04-17 11:01:05,840] multiqc                                            [DEBUG  ]  Command     : /sw/bioinfo/MultiQC/1.8/rackham/bin/multiqc -n DNA_multiqc_report.html -o /home/karsva/Genome_Analysis/analyses/02_quality_control/DNA_multi_QC /home/karsva/Genome_Analysis/analyses/02_quality_control/DNA_trimmed_QC
[2020-04-17 11:01:05,840] multiqc                                            [DEBUG  ]  Working dir : /domus/h1/karsva/Genome_Analysis/code
[2020-04-17 11:01:05,840] multiqc                                            [INFO   ]  Template    : default
[2020-04-17 11:01:05,840] multiqc                                            [DEBUG  ]  Running Python 3.6.8 (default, Mar 14 2019, 16:13:09)  [GCC 4.8.5 20150623 (Red Hat 4.8.5-36)]
[2020-04-17 11:01:05,840] multiqc                                            [INFO   ]  Searching   : /home/karsva/Genome_Analysis/analyses/02_quality_control/DNA_trimmed_QC
[2020-04-17 11:01:05,841] multiqc                                            [DEBUG  ]  Analysing modules: custom_content, conpair, peddy, methylQA, phantompeakqualtools, qualimap, preseq, quast, qorts, rna_seqc, rsem, rseqc, busco, goleft_indexcov, disambiguate, supernova, deeptools, sargasso, verifybamid, mirtrace, happy, homer, macs2, theta2, snpeff, gatk, htseq, bcftools, featureCounts, fgbio, dedup, damageprofiler, biobambam2, mtnucratio, picard, prokka, samblaster, samtools, sexdeterrmine, bamtools, jellyfish, vcftools, longranger, stacks, bbmap, bismark, biscuit, hicexplorer, hicup, hicpro, salmon, kallisto, slamdunk, star, hisat2, tophat, bowtie2, bowtie1, kat, leehom, adapterRemoval, clipandmerge, cutadapt, flexbar, trimmomatic, skewer, sortmerna, biobloomtools, fastq_screen, afterqc, fastp, fastqc, minionqc, mosdepth, clusterflow, bcl2fastq, interop, flash, seqyclean
[2020-04-17 11:01:05,841] multiqc                                            [DEBUG  ]  Using temporary directory for creating report: /scratch/13586812/tmpi2h19sn1
[2020-04-17 11:01:06,044] multiqc                                            [DEBUG  ]  Ignoring file as matched an ignore pattern: site_D1_DNA_2.paired.trimmed_fastqc.html
[2020-04-17 11:01:06,044] multiqc                                            [DEBUG  ]  Ignoring file as matched an ignore pattern: site_D1_DNA_1.paired.trimmed_fastqc.html
[2020-04-17 11:01:06,045] multiqc                                            [DEBUG  ]  Ignoring file as matched an ignore pattern: site_D3_DNA_1.paired.trimmed_fastqc.html
[2020-04-17 11:01:06,045] multiqc                                            [DEBUG  ]  Ignoring file as matched an ignore pattern: site_D3_DNA_2.paired.trimmed_fastqc.html
[2020-04-17 11:01:09,150] multiqc.plots.bargraph                             [DEBUG  ]  Using matplotlib version 3.1.1
[2020-04-17 11:01:09,152] multiqc.plots.linegraph                            [DEBUG  ]  Using matplotlib version 3.1.1
[2020-04-17 11:01:09,155] multiqc                                            [DEBUG  ]  No samples found: custom_content
[2020-04-17 11:01:09,162] multiqc                                            [DEBUG  ]  No samples found: conpair
[2020-04-17 11:01:09,170] multiqc                                            [DEBUG  ]  No samples found: peddy
[2020-04-17 11:01:09,177] multiqc                                            [DEBUG  ]  No samples found: methylQA
[2020-04-17 11:01:09,185] multiqc                                            [DEBUG  ]  No samples found: phantompeakqualtools
[2020-04-17 11:01:09,195] multiqc                                            [DEBUG  ]  No samples found: qualimap
[2020-04-17 11:01:09,203] multiqc                                            [DEBUG  ]  No samples found: preseq
[2020-04-17 11:01:09,210] multiqc                                            [DEBUG  ]  No samples found: quast
[2020-04-17 11:01:09,217] multiqc                                            [DEBUG  ]  No samples found: qorts
[2020-04-17 11:01:09,225] multiqc                                            [DEBUG  ]  No samples found: rna_seqc
[2020-04-17 11:01:09,232] multiqc                                            [DEBUG  ]  No samples found: rsem
[2020-04-17 11:01:09,250] multiqc                                            [DEBUG  ]  No samples found: rseqc
[2020-04-17 11:01:09,257] multiqc                                            [DEBUG  ]  No samples found: busco
[2020-04-17 11:01:09,264] multiqc                                            [DEBUG  ]  No samples found: goleft_indexcov
[2020-04-17 11:01:09,272] multiqc                                            [DEBUG  ]  No samples found: disambiguate
[2020-04-17 11:01:09,279] multiqc                                            [DEBUG  ]  No samples found: supernova
[2020-04-17 11:01:09,297] multiqc                                            [DEBUG  ]  No samples found: deeptools
[2020-04-17 11:01:09,305] multiqc                                            [DEBUG  ]  No samples found: sargasso
[2020-04-17 11:01:09,312] multiqc                                            [DEBUG  ]  No samples found: verifybamid
[2020-04-17 11:01:09,319] multiqc                                            [DEBUG  ]  No samples found: mirtrace
[2020-04-17 11:01:09,327] multiqc                                            [DEBUG  ]  No samples found: happy
[2020-04-17 11:01:09,338] multiqc                                            [DEBUG  ]  No samples found: homer
[2020-04-17 11:01:09,345] multiqc                                            [DEBUG  ]  No samples found: macs2
[2020-04-17 11:01:09,353] multiqc                                            [DEBUG  ]  No samples found: theta2
[2020-04-17 11:01:09,361] multiqc                                            [DEBUG  ]  No samples found: snpeff
[2020-04-17 11:01:09,371] multiqc                                            [DEBUG  ]  No samples found: gatk
[2020-04-17 11:01:09,378] multiqc                                            [DEBUG  ]  No samples found: htseq
[2020-04-17 11:01:09,387] multiqc                                            [DEBUG  ]  No samples found: bcftools
[2020-04-17 11:01:09,394] multiqc                                            [DEBUG  ]  No samples found: featureCounts
[2020-04-17 11:01:09,402] multiqc                                            [DEBUG  ]  No samples found: fgbio
[2020-04-17 11:01:09,410] multiqc                                            [DEBUG  ]  No samples found: dedup
[2020-04-17 11:01:09,417] multiqc                                            [DEBUG  ]  No samples found: damageprofiler
[2020-04-17 11:01:09,445] multiqc                                            [DEBUG  ]  No samples found: biobambam2
[2020-04-17 11:01:09,452] multiqc                                            [DEBUG  ]  No samples found: mtnucratio
[2020-04-17 11:01:09,455] multiqc                                            [DEBUG  ]  No samples found: picard
[2020-04-17 11:01:09,462] multiqc                                            [DEBUG  ]  No samples found: prokka
[2020-04-17 11:01:09,470] multiqc                                            [DEBUG  ]  No samples found: samblaster
[2020-04-17 11:01:09,482] multiqc                                            [DEBUG  ]  No samples found: samtools
[2020-04-17 11:01:09,489] multiqc                                            [DEBUG  ]  No samples found: sexdeterrmine
[2020-04-17 11:01:09,498] multiqc                                            [DEBUG  ]  No samples found: bamtools
[2020-04-17 11:01:09,505] multiqc                                            [DEBUG  ]  No samples found: jellyfish
[2020-04-17 11:01:09,517] multiqc                                            [DEBUG  ]  No samples found: vcftools
[2020-04-17 11:01:09,525] multiqc                                            [DEBUG  ]  No samples found: longranger
[2020-04-17 11:01:09,532] multiqc                                            [DEBUG  ]  No samples found: stacks
[2020-04-17 11:01:09,554] multiqc                                            [DEBUG  ]  No samples found: bbmap
[2020-04-17 11:01:09,562] multiqc                                            [DEBUG  ]  No samples found: bismark
[2020-04-17 11:01:09,571] multiqc                                            [DEBUG  ]  No samples found: biscuit
[2020-04-17 11:01:09,578] multiqc                                            [DEBUG  ]  No samples found: hicexplorer
[2020-04-17 11:01:09,585] multiqc                                            [DEBUG  ]  No samples found: hicup
[2020-04-17 11:01:09,593] multiqc                                            [DEBUG  ]  No samples found: hicpro
[2020-04-17 11:01:09,600] multiqc                                            [DEBUG  ]  No samples found: salmon
[2020-04-17 11:01:09,608] multiqc                                            [DEBUG  ]  No samples found: kallisto
[2020-04-17 11:01:09,615] multiqc                                            [DEBUG  ]  No samples found: slamdunk
[2020-04-17 11:01:09,623] multiqc                                            [DEBUG  ]  No samples found: star
[2020-04-17 11:01:09,630] multiqc                                            [DEBUG  ]  No samples found: hisat2
[2020-04-17 11:01:09,638] multiqc                                            [DEBUG  ]  No samples found: tophat
[2020-04-17 11:01:09,645] multiqc                                            [DEBUG  ]  No samples found: bowtie2
[2020-04-17 11:01:09,652] multiqc                                            [DEBUG  ]  No samples found: bowtie1
[2020-04-17 11:01:09,660] multiqc                                            [DEBUG  ]  No samples found: kat
[2020-04-17 11:01:09,668] multiqc                                            [DEBUG  ]  No samples found: leehom
[2020-04-17 11:01:09,676] multiqc                                            [DEBUG  ]  No samples found: adapterRemoval
[2020-04-17 11:01:09,683] multiqc                                            [DEBUG  ]  No samples found: clipandmerge
[2020-04-17 11:01:09,690] multiqc                                            [DEBUG  ]  No samples found: cutadapt
[2020-04-17 11:01:09,698] multiqc                                            [DEBUG  ]  No samples found: flexbar
[2020-04-17 11:01:09,705] multiqc                                            [DEBUG  ]  No samples found: trimmomatic
[2020-04-17 11:01:09,712] multiqc                                            [DEBUG  ]  No samples found: skewer
[2020-04-17 11:01:09,720] multiqc                                            [DEBUG  ]  No samples found: sortmerna
[2020-04-17 11:01:09,726] multiqc                                            [DEBUG  ]  No samples found: biobloomtools
[2020-04-17 11:01:09,734] multiqc                                            [DEBUG  ]  No samples found: fastq_screen
[2020-04-17 11:01:09,741] multiqc                                            [DEBUG  ]  No samples found: afterqc
[2020-04-17 11:01:09,748] multiqc                                            [DEBUG  ]  No samples found: fastp
[2020-04-17 11:01:09,999] multiqc.modules.fastqc.fastqc                      [INFO   ]  Found 4 reports
[2020-04-17 11:01:10,144] multiqc                                            [DEBUG  ]  No samples found: minionqc
[2020-04-17 11:01:10,152] multiqc                                            [DEBUG  ]  No samples found: mosdepth
[2020-04-17 11:01:10,161] multiqc                                            [DEBUG  ]  No samples found: clusterflow
[2020-04-17 11:01:10,170] multiqc                                            [DEBUG  ]  No samples found: bcl2fastq
[2020-04-17 11:01:10,178] multiqc                                            [DEBUG  ]  No samples found: interop
[2020-04-17 11:01:10,187] multiqc                                            [DEBUG  ]  No samples found: flash
[2020-04-17 11:01:10,195] multiqc                                            [DEBUG  ]  No samples found: seqyclean
[2020-04-17 11:01:10,204] multiqc                                            [INFO   ]  Compressing plot data
[2020-04-17 11:01:10,295] multiqc                                            [INFO   ]  Report      : ../../../../../home/karsva/Genome_Analysis/analyses/02_quality_control/DNA_multi_QC/DNA_multiqc_report.html
[2020-04-17 11:01:10,295] multiqc                                            [INFO   ]  Data        : ../../../../../home/karsva/Genome_Analysis/analyses/02_quality_control/DNA_multi_QC/DNA_multiqc_report_data
[2020-04-17 11:01:10,296] multiqc                                            [DEBUG  ]  Moving data file from '/scratch/13586812/tmpi2h19sn1/multiqc_data/multiqc_qualimap_bamqc_genome_results.txt' to '/home/karsva/Genome_Analysis/analyses/02_quality_control/DNA_multi_QC/DNA_multiqc_report_data'
[2020-04-17 11:01:10,298] multiqc                                            [DEBUG  ]  Moving data file from '/scratch/13586812/tmpi2h19sn1/multiqc_data/multiqc_general_stats.txt' to '/home/karsva/Genome_Analysis/analyses/02_quality_control/DNA_multi_QC/DNA_multiqc_report_data'
[2020-04-17 11:01:10,300] multiqc                                            [DEBUG  ]  Moving data file from '/scratch/13586812/tmpi2h19sn1/multiqc_data/multiqc_fastqc.txt' to '/home/karsva/Genome_Analysis/analyses/02_quality_control/DNA_multi_QC/DNA_multiqc_report_data'
[2020-04-17 11:01:10,301] multiqc                                            [DEBUG  ]  Moving data file from '/scratch/13586812/tmpi2h19sn1/multiqc_data/multiqc_data.json' to '/home/karsva/Genome_Analysis/analyses/02_quality_control/DNA_multi_QC/DNA_multiqc_report_data'
[2020-04-17 11:01:10,306] multiqc                                            [DEBUG  ]  Moving data file from '/scratch/13586812/tmpi2h19sn1/multiqc_data/multiqc_sources.txt' to '/home/karsva/Genome_Analysis/analyses/02_quality_control/DNA_multi_QC/DNA_multiqc_report_data'
[2020-04-17 11:01:10,518] multiqc                                            [INFO   ]  MultiQC complete
