125.0Gb memory in total.
Using: 112.828Gb.
MEGAHIT v1.1.2
--- [Wed Apr 15 15:42:13 2020] Start assembly. Number of CPU threads 2 ---
--- [Wed Apr 15 15:42:13 2020] Available memory: 134609518592, used: 121148566732
--- [Wed Apr 15 15:42:13 2020] Converting reads to binaries ---
    [read_lib_functions-inl.h  : 209]     Lib 0 (/home/karsva/Genome_Analysis/data/raw_data/DNA_trimmed/site_D1_DNA_1.paired.trimmed.fastq.gz,/home/karsva/Genome_Analysis/data/raw_data/DNA_trimmed/site_D1_DNA_2.paired.trimmed.fastq.gz): pe, 48110692 reads, 101 max length
    [utils.h                   : 126]     Real: 123.7212	user: 44.3674	sys: 6.5478	maxrss: 152812
--- [Wed Apr 15 15:44:17 2020] k list: 65,75,85,95,105 ---
--- [Wed Apr 15 15:44:17 2020] Extracting solid (k+1)-mers and building sdbg for k = 65 ---
--- [Wed Apr 15 16:23:28 2020] Assembling contigs from SdBG for k = 65 ---
--- [Wed Apr 15 16:46:51 2020] Local assembling k = 65 ---
--- [Wed Apr 15 17:10:41 2020] Extracting iterative edges from k = 65 to 75 ---
--- [Wed Apr 15 17:20:14 2020] Building graph for k = 75 ---
--- [Wed Apr 15 17:22:26 2020] Assembling contigs from SdBG for k = 75 ---
--- [Wed Apr 15 17:31:43 2020] Local assembling k = 75 ---
--- [Wed Apr 15 17:51:22 2020] Extracting iterative edges from k = 75 to 85 ---
--- [Wed Apr 15 17:57:13 2020] Building graph for k = 85 ---
--- [Wed Apr 15 17:59:22 2020] Assembling contigs from SdBG for k = 85 ---
--- [Wed Apr 15 18:08:23 2020] Local assembling k = 85 ---
--- [Wed Apr 15 18:26:09 2020] Extracting iterative edges from k = 85 to 95 ---
--- [Wed Apr 15 18:30:20 2020] Building graph for k = 95 ---
--- [Wed Apr 15 18:31:57 2020] Assembling contigs from SdBG for k = 95 ---
--- [Wed Apr 15 18:39:52 2020] Local assembling k = 95 ---
--- [Wed Apr 15 18:56:29 2020] Extracting iterative edges from k = 95 to 105 ---
--- [Wed Apr 15 18:56:33 2020] Building graph for k = 105 ---
--- [Wed Apr 15 18:57:39 2020] Assembling contigs from SdBG for k = 105 ---
--- [Wed Apr 15 19:05:06 2020] Merging to output final contigs ---
--- [STAT] 159944 contigs, total 118996402 bp, min 200 bp, max 128464 bp, avg 744 bp, N50 800 bp
--- [Wed Apr 15 19:05:08 2020] ALL DONE. Time elapsed: 12175.625526 seconds ---
125.0Gb memory in total.
Using: 112.828Gb.
MEGAHIT v1.1.2
--- [Wed Apr 15 19:05:09 2020] Start assembly. Number of CPU threads 2 ---
--- [Wed Apr 15 19:05:09 2020] Available memory: 134609518592, used: 121148566732
--- [Wed Apr 15 19:05:09 2020] Converting reads to binaries ---
    [read_lib_functions-inl.h  : 209]     Lib 0 (/home/karsva/Genome_Analysis/data/raw_data/DNA_trimmed/site_D3_DNA_1.paired.trimmed.fastq.gz,/home/karsva/Genome_Analysis/data/raw_data/DNA_trimmed/site_D3_DNA_2.paired.trimmed.fastq.gz): pe, 59954188 reads, 101 max length
    [utils.h                   : 126]     Real: 212.3594	user: 59.1446	sys: 6.8751	maxrss: 152916
--- [Wed Apr 15 19:08:43 2020] k list: 65,75,85,95,105 ---
--- [Wed Apr 15 19:08:43 2020] Extracting solid (k+1)-mers and building sdbg for k = 65 ---
--- [Wed Apr 15 20:05:14 2020] Assembling contigs from SdBG for k = 65 ---
--- [Wed Apr 15 20:32:39 2020] Local assembling k = 65 ---
--- [Wed Apr 15 21:06:41 2020] Extracting iterative edges from k = 65 to 75 ---
--- [Wed Apr 15 21:20:27 2020] Building graph for k = 75 ---
--- [Wed Apr 15 21:24:03 2020] Assembling contigs from SdBG for k = 75 ---
--- [Wed Apr 15 21:37:08 2020] Local assembling k = 75 ---
--- [Wed Apr 15 21:59:36 2020] Extracting iterative edges from k = 75 to 85 ---
--- [Wed Apr 15 22:11:25 2020] Building graph for k = 85 ---
--- [Wed Apr 15 22:14:41 2020] Assembling contigs from SdBG for k = 85 ---
--- [Wed Apr 15 22:26:29 2020] Local assembling k = 85 ---
--- [Wed Apr 15 22:45:51 2020] Extracting iterative edges from k = 85 to 95 ---
--- [Wed Apr 15 22:52:42 2020] Building graph for k = 95 ---
--- [Wed Apr 15 22:55:25 2020] Assembling contigs from SdBG for k = 95 ---
--- [Wed Apr 15 23:05:22 2020] Local assembling k = 95 ---
--- [Wed Apr 15 23:21:28 2020] Extracting iterative edges from k = 95 to 105 ---
--- [Wed Apr 15 23:21:34 2020] Building graph for k = 105 ---
--- [Wed Apr 15 23:23:07 2020] Assembling contigs from SdBG for k = 105 ---
--- [Wed Apr 15 23:31:52 2020] Merging to output final contigs ---
--- [STAT] 159996 contigs, total 143195816 bp, min 200 bp, max 173476 bp, avg 895 bp, N50 1143 bp
--- [Wed Apr 15 23:31:54 2020] ALL DONE. Time elapsed: 16005.027573 seconds ---
